Building DAG of jobs...
Using shell: /usr/bin/bash
Provided cluster nodes: 100
Job counts:
	count	jobs
	1	SelectSmallestFeature
	1	concatenate
	1	liftOver
	1	maskingCrms
	1	masking_negs
	1	movingMaskedCrms
	1	movingMaskedNegs
	1	negative
	8

[Mon Feb  3 15:42:25 2020]
localrule SelectSmallestFeature:
    input: in/testDm6.bed
    output: testDm6_output.bed
    jobid: 7

[Mon Feb  3 15:42:38 2020]
Finished job 7.
1 of 8 steps (12%) done

[Mon Feb  3 15:42:38 2020]
rule liftOver:
    input: testDm6_output.bed, /gpfs/scratch/mshalfon/Training_Set_Construction_Pipeline/new_chain_files/, /gpfs/scratch/mshalfon/Training_Set_Construction_Pipeline/new_fasta_files/, /gpfs/scratch/mshalfon/Training_Set_Construction_Pipeline/
    output: Dana.testDm6_output.bed.fa, Dere.testDm6_output.bed.fa, Dgri.testDm6_output.bed.fa, Dmoj.testDm6_output.bed.fa, Dper.testDm6_output.bed.fa, Dpse.testDm6_output.bed.fa, Dsec.testDm6_output.bed.fa, Dsim.testDm6_output.bed.fa, Dvir.testDm6_output.bed.fa, Dyak.testDm6_output.bed.fa, Dmel.testDm6_output.bed.fa
    jobid: 6

Submitted job 6 with external jobid 'Submitted batch job 829802'.
[Mon Feb  3 15:42:55 2020]
Finished job 6.
2 of 8 steps (25%) done

[Mon Feb  3 15:42:55 2020]
localrule concatenate:
    input: Dana.testDm6_output.bed.fa, Dere.testDm6_output.bed.fa, Dgri.testDm6_output.bed.fa, Dmoj.testDm6_output.bed.fa, Dper.testDm6_output.bed.fa, Dpse.testDm6_output.bed.fa, Dsec.testDm6_output.bed.fa, Dsim.testDm6_output.bed.fa, Dvir.testDm6_output.bed.fa, Dyak.testDm6_output.bed.fa, Dmel.testDm6_output.bed.fa
    output: mapping1.test/crms.fa
    jobid: 5

[Mon Feb  3 15:42:55 2020]
Finished job 5.
3 of 8 steps (38%) done

[Mon Feb  3 15:42:55 2020]
rule negative:
    input: mapping1.test/crms.fa, /projects/academic/mshalfon/RandomSameGC_files/finalchr, /projects/academic/mshalfon/RandomSameGC_files/genes.goodchronly
    output: mapping1.test/neg.fa
    jobid: 3

Submitted job 3 with external jobid 'Submitted batch job 829805'.

[Mon Feb  3 15:42:55 2020]
rule maskingCrms:
    input: mapping1.test/crms.fa
    output: crms.fa.2.7.7.80.10.50.500.mask
    jobid: 4

Submitted job 4 with external jobid 'Submitted batch job 829806'.
[Mon Feb  3 15:43:05 2020]
Finished job 4.
4 of 8 steps (50%) done

[Mon Feb  3 15:43:05 2020]
localrule movingMaskedCrms:
    input: crms.fa.2.7.7.80.10.50.500.mask, mapping1.test/crms.fa
    output: mapping1.test/crms.fasta
    jobid: 1

[Mon Feb  3 15:43:05 2020]
Finished job 1.
5 of 8 steps (62%) done
[Mon Feb  3 15:48:46 2020]
Finished job 3.
6 of 8 steps (75%) done

[Mon Feb  3 15:48:46 2020]
rule masking_negs:
    input: mapping1.test/neg.fa
    output: neg.fa.2.7.7.80.10.50.500.mask
    jobid: 2

Submitted job 2 with external jobid 'Submitted batch job 830123'.
[Mon Feb  3 15:50:06 2020]
Finished job 2.
7 of 8 steps (88%) done

[Mon Feb  3 15:50:06 2020]
localrule movingMaskedNegs:
    input: neg.fa.2.7.7.80.10.50.500.mask, mapping1.test/neg.fa
    output: mapping1.test/neg.fasta
    jobid: 0

[Mon Feb  3 15:50:06 2020]
Finished job 0.
8 of 8 steps (100%) done
Complete log: /gpfs/scratch/mshalfon/Training_Set_Construction_Pipeline/.snakemake/log/2020-02-03T154225.419989.snakemake.log
